Using pre-set license
Built from 'trunk' branch; Version is '6000.0.22f1 (001fa5a8e29a) revision 8101'; Using compiler version '193933523'; Build Type 'Release'
OS: 'Windows 11  (10.0.22631) 64bit Core' Language: 'en' Physical Memory: 16291 MB
BatchMode: 1, IsHumanControllingUs: 0, StartBugReporterOnCrash: 0, Is64bit: 1, IsPro: 1

COMMAND LINE ARGUMENTS:
C:\Program Files\Unity\Hub\Editor\6000.0.22f1\Editor\Unity.exe
-adb2
-batchMode
-noUpm
-name
AssetImportWorker1
-projectPath
C:/Users/Lenovo/Desktop/Simulador/Simulador/Simulador
-logFile
Logs/AssetImportWorker1.log
-srvPort
56031
-job-worker-count
5
-background-job-worker-count
8
-asset-garbage-collectors
1
Successfully changed project path to: C:/Users/Lenovo/Desktop/Simulador/Simulador/Simulador
C:/Users/Lenovo/Desktop/Simulador/Simulador/Simulador
[UnityMemory] Configuration Parameters - Can be set up in boot.config
    "memorysetup-bucket-allocator-granularity=16"
    "memorysetup-bucket-allocator-bucket-count=8"
    "memorysetup-bucket-allocator-block-size=33554432"
    "memorysetup-bucket-allocator-block-count=8"
    "memorysetup-main-allocator-block-size=16777216"
    "memorysetup-thread-allocator-block-size=16777216"
    "memorysetup-gfx-main-allocator-block-size=16777216"
    "memorysetup-gfx-thread-allocator-block-size=16777216"
    "memorysetup-cache-allocator-block-size=4194304"
    "memorysetup-typetree-allocator-block-size=2097152"
    "memorysetup-profiler-bucket-allocator-granularity=16"
    "memorysetup-profiler-bucket-allocator-bucket-count=8"
    "memorysetup-profiler-bucket-allocator-block-size=33554432"
    "memorysetup-profiler-bucket-allocator-block-count=8"
    "memorysetup-profiler-allocator-block-size=16777216"
    "memorysetup-profiler-editor-allocator-block-size=1048576"
    "memorysetup-temp-allocator-size-main=16777216"
    "memorysetup-job-temp-allocator-block-size=2097152"
    "memorysetup-job-temp-allocator-block-size-background=1048576"
    "memorysetup-job-temp-allocator-reduction-small-platforms=262144"
    "memorysetup-allocator-temp-initial-block-size-main=262144"
    "memorysetup-allocator-temp-initial-block-size-worker=262144"
    "memorysetup-temp-allocator-size-background-worker=32768"
    "memorysetup-temp-allocator-size-job-worker=262144"
    "memorysetup-temp-allocator-size-preload-manager=33554432"
    "memorysetup-temp-allocator-size-nav-mesh-worker=65536"
    "memorysetup-temp-allocator-size-audio-worker=65536"
    "memorysetup-temp-allocator-size-cloud-worker=32768"
    "memorysetup-temp-allocator-size-gi-baking-worker=262144"
    "memorysetup-temp-allocator-size-gi-baking-worker=262144"
    "memorysetup-temp-allocator-size-gi-baking-worker=262144"
    "memorysetup-temp-allocator-size-gi-baking-worker=262144"
    "memorysetup-temp-allocator-size-gi-baking-worker=262144"
    "memorysetup-temp-allocator-size-gfx=262144"
Player connection [14880]  Target information:

Player connection [14880]  * "[IP] 192.168.20.8 [Port] 0 [Flags] 2 [Guid] 3635902421 [EditorId] 3635902421 [Version] 1048832 [Id] WindowsEditor(7,Legion) [Debug] 1 [PackageName] WindowsEditor [ProjectName] Editor" 

Player connection [14880] Host joined multi-casting on [225.0.0.222:54997]...
Player connection [14880] Host joined alternative multi-casting on [225.0.0.222:34997]...
JobSystem: Creating JobQueue using job-worker-count value 5
[Physics::Module] Initialized fallback backend.
[Physics::Module] Id: 0xdecafbad
Library Redirect Path: Library/
[Physics::Module] Selected backend.
[Physics::Module] Name: PhysX
[Physics::Module] Id: 0xf2b8ea05
[Physics::Module] SDK Version: 4.1.2
[Physics::Module] Integration Version: 1.0.0
[Physics::Module] Threading Mode: Multi-Threaded
Refreshing native plugins compatible for Editor in 2.43 ms, found 3 plugins.
Preloading 0 native plugins for Editor in 0.00 ms.
Initialize engine version: 6000.0.22f1 (001fa5a8e29a)
[Subsystems] Discovering subsystems at path C:/Program Files/Unity/Hub/Editor/6000.0.22f1/Editor/Data/Resources/UnitySubsystems
[Subsystems] Discovering subsystems at path C:/Users/Lenovo/Desktop/Simulador/Simulador/Simulador/Assets
GfxDevice: creating device client; kGfxThreadingModeNonThreaded
Direct3D:
    Version:  Direct3D 11.0 [level 11.1]
    Renderer: NVIDIA GeForce GTX 1660 Ti (ID=0x2191)
    Vendor:   NVIDIA
    VRAM:     5991 MB
    Driver:   31.0.15.1700
Initialize mono
Mono path[0] = 'C:/Program Files/Unity/Hub/Editor/6000.0.22f1/Editor/Data/Managed'
Mono path[1] = 'C:/Program Files/Unity/Hub/Editor/6000.0.22f1/Editor/Data/MonoBleedingEdge/lib/mono/unityjit-win32'
Mono config path = 'C:/Program Files/Unity/Hub/Editor/6000.0.22f1/Editor/Data/MonoBleedingEdge/etc'
Using monoOptions --debugger-agent=transport=dt_socket,embedding=1,server=y,suspend=n,address=127.0.0.1:56884
Begin MonoManager ReloadAssembly
Registering precompiled unity dll's ...
Register platform support module: C:/Program Files/Unity/Hub/Editor/6000.0.22f1/Editor/Data/PlaybackEngines/WindowsStandaloneSupport/UnityEditor.WindowsStandalone.Extensions.dll
Registered in 0.003790 seconds.
- Loaded All Assemblies, in  0.528 seconds
Native extension for WindowsStandalone target not found
Mono: successfully reloaded assembly
- Finished resetting the current domain, in  0.514 seconds
Domain Reload Profiling: 1038ms
	BeginReloadAssembly (180ms)
		ExecutionOrderSort (0ms)
		DisableScriptedObjects (0ms)
		BackupInstance (0ms)
		ReleaseScriptingObjects (0ms)
		CreateAndSetChildDomain (1ms)
	RebuildCommonClasses (59ms)
	RebuildNativeTypeToScriptingClass (16ms)
	initialDomainReloadingComplete (63ms)
	LoadAllAssembliesAndSetupDomain (205ms)
		LoadAssemblies (175ms)
		RebuildTransferFunctionScriptingTraits (0ms)
		AnalyzeDomain (202ms)
			TypeCache.Refresh (200ms)
				TypeCache.ScanAssembly (182ms)
			BuildScriptInfoCaches (0ms)
			ResolveRequiredComponents (1ms)
	FinalizeReload (514ms)
		ReleaseScriptCaches (0ms)
		RebuildScriptCaches (0ms)
		SetupLoadedEditorAssemblies (459ms)
			LogAssemblyErrors (0ms)
			InitializePlatformSupportModulesInManaged (31ms)
			SetLoadedEditorAssemblies (5ms)
			BeforeProcessingInitializeOnLoad (7ms)
			ProcessInitializeOnLoadAttributes (296ms)
			ProcessInitializeOnLoadMethodAttributes (115ms)
			AfterProcessingInitializeOnLoad (4ms)
			EditorAssembliesLoaded (0ms)
		ExecutionOrderSort2 (0ms)
		AwakeInstancesAfterBackupRestoration (0ms)
========================================================================
Worker process is ready to serve import requests
Import Worker Mode flag is 0x00
Begin MonoManager ReloadAssembly
- Loaded All Assemblies, in  1.261 seconds
Refreshing native plugins compatible for Editor in 1.24 ms, found 3 plugins.
Native extension for WindowsStandalone target not found
Mono: successfully reloaded assembly
- Finished resetting the current domain, in  0.983 seconds
Domain Reload Profiling: 2238ms
	BeginReloadAssembly (565ms)
		ExecutionOrderSort (0ms)
		DisableScriptedObjects (11ms)
		BackupInstance (0ms)
		ReleaseScriptingObjects (0ms)
		CreateAndSetChildDomain (56ms)
	RebuildCommonClasses (50ms)
	RebuildNativeTypeToScriptingClass (17ms)
	initialDomainReloadingComplete (52ms)
	LoadAllAssembliesAndSetupDomain (571ms)
		LoadAssemblies (423ms)
		RebuildTransferFunctionScriptingTraits (0ms)
		AnalyzeDomain (295ms)
			TypeCache.Refresh (224ms)
				TypeCache.ScanAssembly (205ms)
			BuildScriptInfoCaches (59ms)
			ResolveRequiredComponents (7ms)
	FinalizeReload (983ms)
		ReleaseScriptCaches (0ms)
		RebuildScriptCaches (0ms)
		SetupLoadedEditorAssemblies (701ms)
			LogAssemblyErrors (0ms)
			InitializePlatformSupportModulesInManaged (3ms)
			SetLoadedEditorAssemblies (5ms)
			BeforeProcessingInitializeOnLoad (69ms)
			ProcessInitializeOnLoadAttributes (583ms)
			ProcessInitializeOnLoadMethodAttributes (29ms)
			AfterProcessingInitializeOnLoad (12ms)
			EditorAssembliesLoaded (0ms)
		ExecutionOrderSort2 (0ms)
		AwakeInstancesAfterBackupRestoration (7ms)
Launched and connected shader compiler UnityShaderCompiler.exe after 0.01 seconds
Refreshing native plugins compatible for Editor in 2.48 ms, found 3 plugins.
Preloading 0 native plugins for Editor in 0.00 ms.
Unloading 9 Unused Serialized files (Serialized files now loaded: 0)
Unloading 3655 unused Assets / (236.5 KB). Loaded Objects now: 4241.
Memory consumption went from 110.4 MB to 110.2 MB.
Total: 12.898700 ms (FindLiveObjects: 0.770800 ms CreateObjectMapping: 0.866200 ms MarkObjects: 9.508800 ms  DeleteObjects: 1.751100 ms)

========================================================================
Received Import Request.
  Time since last request: 139774.068025 seconds.
  path: Assets/POLYGON city pack/Materials/Night.mat
  artifactKey: Guid(2693a75b9cc71fb4bae0674a2e512e59) Importer(815301076,1909f56bfc062723c751e8b465ee728b)
Start importing Assets/POLYGON city pack/Materials/Night.mat using Guid(2693a75b9cc71fb4bae0674a2e512e59) Importer(815301076,1909f56bfc062723c751e8b465ee728b) (PreviewImporter) -> (artifact id: '5b617fd2b82188d7cdb8326fbb9cfc45') in 0.1463092 seconds
Number of updated asset objects reloaded before import = 0Number of asset objects unloaded after import = 1

========================================================================
Received Import Request.
  Time since last request: 4.348780 seconds.
  path: Assets/POLYGON city pack/Materials/Material_meshs/air conditioner wall.mat
  artifactKey: Guid(cb6d4b2eccab7624ea771ecdd72639d5) Importer(815301076,1909f56bfc062723c751e8b465ee728b)
Start importing Assets/POLYGON city pack/Materials/Material_meshs/air conditioner wall.mat using Guid(cb6d4b2eccab7624ea771ecdd72639d5) Importer(815301076,1909f56bfc062723c751e8b465ee728b) (PreviewImporter) -> (artifact id: 'b60c0986ea8a48f8c53856fdfc57fead') in 0.0260768 seconds
Number of updated asset objects reloaded before import = 0Number of asset objects unloaded after import = 2

========================================================================
Received Import Request.
  Time since last request: 0.000022 seconds.
  path: Assets/POLYGON city pack/Materials/Material_meshs/Bench 2.mat
  artifactKey: Guid(3c61eab8b04b7b84d89327b21cc91c6e) Importer(815301076,1909f56bfc062723c751e8b465ee728b)
Start importing Assets/POLYGON city pack/Materials/Material_meshs/Bench 2.mat using Guid(3c61eab8b04b7b84d89327b21cc91c6e) Importer(815301076,1909f56bfc062723c751e8b465ee728b) (PreviewImporter) -> (artifact id: '1a14bba3cd9b06bfa8099fa7b2767c04') in 0.0205102 seconds
Number of updated asset objects reloaded before import = 0Number of asset objects unloaded after import = 2

========================================================================
Received Import Request.
  Time since last request: 0.000024 seconds.
  path: Assets/POLYGON city pack/Materials/Material_meshs/flower 3.mat
  artifactKey: Guid(793439ce806aaf44aa48d7e88579e4c4) Importer(815301076,1909f56bfc062723c751e8b465ee728b)
Start importing Assets/POLYGON city pack/Materials/Material_meshs/flower 3.mat using Guid(793439ce806aaf44aa48d7e88579e4c4) Importer(815301076,1909f56bfc062723c751e8b465ee728b) (PreviewImporter) -> (artifact id: '232e8f9bd1d4711bceae758d402461ea') in 0.1327016 seconds
Number of updated asset objects reloaded before import = 0Number of asset objects unloaded after import = 2

========================================================================
Received Import Request.
  Time since last request: 0.000021 seconds.
  path: Assets/POLYGON city pack/Materials/Material_meshs/flower 1 A 6.mat
  artifactKey: Guid(7b2d534e6ffebce4a9c64d348150f99b) Importer(815301076,1909f56bfc062723c751e8b465ee728b)
Start importing Assets/POLYGON city pack/Materials/Material_meshs/flower 1 A 6.mat using Guid(7b2d534e6ffebce4a9c64d348150f99b) Importer(815301076,1909f56bfc062723c751e8b465ee728b) (PreviewImporter) -> (artifact id: '35c35e2affad5c4bfbc3d665cafd87cf') in 0.0156421 seconds
Number of updated asset objects reloaded before import = 0Number of asset objects unloaded after import = 2

========================================================================
Received Import Request.
  Time since last request: 0.000024 seconds.
  path: Assets/POLYGON city pack/Materials/Material_meshs/Can_cola 2.mat
  artifactKey: Guid(d5a2bbfdd4ed7474c8d4ba5e2568029b) Importer(815301076,1909f56bfc062723c751e8b465ee728b)
Start importing Assets/POLYGON city pack/Materials/Material_meshs/Can_cola 2.mat using Guid(d5a2bbfdd4ed7474c8d4ba5e2568029b) Importer(815301076,1909f56bfc062723c751e8b465ee728b) (PreviewImporter) -> (artifact id: '80c77edd47c349e25cf07326cb217773') in 0.0166366 seconds
Number of updated asset objects reloaded before import = 0Number of asset objects unloaded after import = 2

========================================================================
Received Import Request.
  Time since last request: 0.000087 seconds.
  path: Assets/POLYGON city pack/Materials/Material_meshs/can cola 1.mat
  artifactKey: Guid(bd66ca35e99389249936c646dd06c138) Importer(815301076,1909f56bfc062723c751e8b465ee728b)
Start importing Assets/POLYGON city pack/Materials/Material_meshs/can cola 1.mat using Guid(bd66ca35e99389249936c646dd06c138) Importer(815301076,1909f56bfc062723c751e8b465ee728b) (PreviewImporter) -> (artifact id: 'c8043bcd02b0919de7f7753271cadde1') in 0.0160343 seconds
Number of updated asset objects reloaded before import = 0Number of asset objects unloaded after import = 2

========================================================================
Received Import Request.
  Time since last request: 0.000018 seconds.
  path: Assets/POLYGON city pack/Materials/Material_meshs/Bus stop texture.mat
  artifactKey: Guid(225547f2cacb8b54f8cd053f8da32e1a) Importer(815301076,1909f56bfc062723c751e8b465ee728b)
Start importing Assets/POLYGON city pack/Materials/Material_meshs/Bus stop texture.mat using Guid(225547f2cacb8b54f8cd053f8da32e1a) Importer(815301076,1909f56bfc062723c751e8b465ee728b) (PreviewImporter) -> (artifact id: 'd62c84bbdcf598af94d2c3478b340ebb') in 0.0149296 seconds
Number of updated asset objects reloaded before import = 0Number of asset objects unloaded after import = 1

========================================================================
Received Import Request.
  Time since last request: 0.000118 seconds.
  path: Assets/POLYGON city pack/Materials/Material_meshs/Fence_B_2.mat
  artifactKey: Guid(829d8f03a87c1894e9faa0df4c536a08) Importer(815301076,1909f56bfc062723c751e8b465ee728b)
Start importing Assets/POLYGON city pack/Materials/Material_meshs/Fence_B_2.mat using Guid(829d8f03a87c1894e9faa0df4c536a08) Importer(815301076,1909f56bfc062723c751e8b465ee728b) (PreviewImporter) -> (artifact id: 'a7588d366efbaf044a817de8e303b77b') in 0.0167534 seconds
Number of updated asset objects reloaded before import = 0Number of asset objects unloaded after import = 2

========================================================================
Received Import Request.
  Time since last request: 0.000024 seconds.
  path: Assets/POLYGON city pack/Materials/Material_meshs/Fire_department.mat
  artifactKey: Guid(75eba861b5688674a9259d1205f4c4b7) Importer(815301076,1909f56bfc062723c751e8b465ee728b)
Start importing Assets/POLYGON city pack/Materials/Material_meshs/Fire_department.mat using Guid(75eba861b5688674a9259d1205f4c4b7) Importer(815301076,1909f56bfc062723c751e8b465ee728b) (PreviewImporter) -> (artifact id: '20d587b7be38daddce0fc4c680b2531f') in 0.0159037 seconds
Number of updated asset objects reloaded before import = 0Number of asset objects unloaded after import = 2

========================================================================
Received Import Request.
  Time since last request: 0.000018 seconds.
  path: Assets/POLYGON city pack/Materials/Material_meshs/Bus stop pole texture.mat
  artifactKey: Guid(e96d9e6034aaaaf48907b0c14fce898f) Importer(815301076,1909f56bfc062723c751e8b465ee728b)
Start importing Assets/POLYGON city pack/Materials/Material_meshs/Bus stop pole texture.mat using Guid(e96d9e6034aaaaf48907b0c14fce898f) Importer(815301076,1909f56bfc062723c751e8b465ee728b) (PreviewImporter) -> (artifact id: 'dcef5dc98add72040f46db40837c2191') in 0.0150388 seconds
Number of updated asset objects reloaded before import = 0Number of asset objects unloaded after import = 2

========================================================================
Received Import Request.
  Time since last request: 0.000023 seconds.
  path: Assets/POLYGON city pack/Materials/Material_meshs/flower 1 A 2.mat
  artifactKey: Guid(c220d94282545cc4282620c1b16e6417) Importer(815301076,1909f56bfc062723c751e8b465ee728b)
Start importing Assets/POLYGON city pack/Materials/Material_meshs/flower 1 A 2.mat using Guid(c220d94282545cc4282620c1b16e6417) Importer(815301076,1909f56bfc062723c751e8b465ee728b) (PreviewImporter) -> (artifact id: '5545439cd696231feedd27a03dc1df5d') in 0.0174531 seconds
Number of updated asset objects reloaded before import = 0Number of asset objects unloaded after import = 2

========================================================================
Received Import Request.
  Time since last request: 0.000023 seconds.
  path: Assets/POLYGON city pack/Materials/Material_meshs/flower 2.mat
  artifactKey: Guid(48aacf39f53ce994b8b53de064f860e8) Importer(815301076,1909f56bfc062723c751e8b465ee728b)
Start importing Assets/POLYGON city pack/Materials/Material_meshs/flower 2.mat using Guid(48aacf39f53ce994b8b53de064f860e8) Importer(815301076,1909f56bfc062723c751e8b465ee728b) (PreviewImporter) -> (artifact id: '4aa3f5f4ac7af7c6f6d6d794253bd019') in 0.0145062 seconds
Number of updated asset objects reloaded before import = 0Number of asset objects unloaded after import = 2

========================================================================
Received Import Request.
  Time since last request: 0.000017 seconds.
  path: Assets/POLYGON city pack/Materials/Material_meshs/can_orange.mat
  artifactKey: Guid(afc9047e46e56694d945fae27db27d9d) Importer(815301076,1909f56bfc062723c751e8b465ee728b)
Start importing Assets/POLYGON city pack/Materials/Material_meshs/can_orange.mat using Guid(afc9047e46e56694d945fae27db27d9d) Importer(815301076,1909f56bfc062723c751e8b465ee728b) (PreviewImporter) -> (artifact id: '5060ffb160f7447087375dc2c8d84425') in 0.0155185 seconds
Number of updated asset objects reloaded before import = 0Number of asset objects unloaded after import = 2

========================================================================
Received Import Request.
  Time since last request: 0.000019 seconds.
  path: Assets/POLYGON city pack/Materials/Material_meshs/drain 2.mat
  artifactKey: Guid(311404c53bb42f84eaafe2623aa70a16) Importer(815301076,1909f56bfc062723c751e8b465ee728b)
Start importing Assets/POLYGON city pack/Materials/Material_meshs/drain 2.mat using Guid(311404c53bb42f84eaafe2623aa70a16) Importer(815301076,1909f56bfc062723c751e8b465ee728b) (PreviewImporter) -> (artifact id: '94e1d858f1e3561804c24ebb15e1ab48') in 0.0167926 seconds
Number of updated asset objects reloaded before import = 0Number of asset objects unloaded after import = 2

========================================================================
Received Import Request.
  Time since last request: 0.000024 seconds.
  path: Assets/POLYGON city pack/Materials/Material_meshs/dirt walkWay.mat
  artifactKey: Guid(a6eaccbb2fcd42a44ae956659d71890a) Importer(815301076,1909f56bfc062723c751e8b465ee728b)
Start importing Assets/POLYGON city pack/Materials/Material_meshs/dirt walkWay.mat using Guid(a6eaccbb2fcd42a44ae956659d71890a) Importer(815301076,1909f56bfc062723c751e8b465ee728b) (PreviewImporter) -> (artifact id: 'baa690042caeaa9f99ab71a757f06f25') in 0.0162903 seconds
Number of updated asset objects reloaded before import = 0Number of asset objects unloaded after import = 2

========================================================================
Received Import Request.
  Time since last request: 0.000022 seconds.
  path: Assets/POLYGON city pack/Materials/Material_meshs/Dynamic_power_pole_cable.mat
  artifactKey: Guid(b4d33c7475d01404aa68494ec4c9f00b) Importer(815301076,1909f56bfc062723c751e8b465ee728b)
Start importing Assets/POLYGON city pack/Materials/Material_meshs/Dynamic_power_pole_cable.mat using Guid(b4d33c7475d01404aa68494ec4c9f00b) Importer(815301076,1909f56bfc062723c751e8b465ee728b) (PreviewImporter) -> (artifact id: '617e47414f1ee3d1a424d9f86d9e267c') in 0.0150276 seconds
Number of updated asset objects reloaded before import = 0Number of asset objects unloaded after import = 2

========================================================================
Received Import Request.
  Time since last request: 0.000021 seconds.
  path: Assets/POLYGON city pack/Materials/Material_meshs/flower 1 A 5.mat
  artifactKey: Guid(fe3efba54325ee4418eca1f7bdc1b3d2) Importer(815301076,1909f56bfc062723c751e8b465ee728b)
Start importing Assets/POLYGON city pack/Materials/Material_meshs/flower 1 A 5.mat using Guid(fe3efba54325ee4418eca1f7bdc1b3d2) Importer(815301076,1909f56bfc062723c751e8b465ee728b) (PreviewImporter) -> (artifact id: '1dd30663848fb60a41788c2ca8e29bd6') in 0.0177963 seconds
Number of updated asset objects reloaded before import = 0Number of asset objects unloaded after import = 2

========================================================================
Received Import Request.
  Time since last request: 0.000061 seconds.
  path: Assets/POLYGON city pack/Materials/Material_meshs/Bush 2.mat
  artifactKey: Guid(2246b9d119e72a540b54840c32733fbb) Importer(815301076,1909f56bfc062723c751e8b465ee728b)
Start importing Assets/POLYGON city pack/Materials/Material_meshs/Bush 2.mat using Guid(2246b9d119e72a540b54840c32733fbb) Importer(815301076,1909f56bfc062723c751e8b465ee728b) (PreviewImporter) -> (artifact id: '00320df68c8022aa123a4dfbfa077c1e') in 0.0163151 seconds
Number of updated asset objects reloaded before import = 0Number of asset objects unloaded after import = 2

========================================================================
Received Import Request.
  Time since last request: 0.000022 seconds.
  path: Assets/POLYGON city pack/Materials/Material_meshs/ColaMachine.mat
  artifactKey: Guid(439eb576ca1364e47a9cda1cab72e5dd) Importer(815301076,1909f56bfc062723c751e8b465ee728b)
Start importing Assets/POLYGON city pack/Materials/Material_meshs/ColaMachine.mat using Guid(439eb576ca1364e47a9cda1cab72e5dd) Importer(815301076,1909f56bfc062723c751e8b465ee728b) (PreviewImporter) -> (artifact id: '7c1276dd923197543b83745879f349ce') in 0.0136471 seconds
Number of updated asset objects reloaded before import = 0Number of asset objects unloaded after import = 1

========================================================================
Received Import Request.
  Time since last request: 0.000112 seconds.
  path: Assets/POLYGON city pack/Materials/Material_meshs/flower 1 A 1.mat
  artifactKey: Guid(da16c8876ed8cdc4c8ab238d3c0bc186) Importer(815301076,1909f56bfc062723c751e8b465ee728b)
Start importing Assets/POLYGON city pack/Materials/Material_meshs/flower 1 A 1.mat using Guid(da16c8876ed8cdc4c8ab238d3c0bc186) Importer(815301076,1909f56bfc062723c751e8b465ee728b) (PreviewImporter) -> (artifact id: 'af06fb34d3a1857812c0a5da7b6266e5') in 0.0142458 seconds
Number of updated asset objects reloaded before import = 0Number of asset objects unloaded after import = 2

========================================================================
Received Import Request.
  Time since last request: 0.000130 seconds.
  path: Assets/POLYGON city pack/Materials/Material_meshs/Bin.mat
  artifactKey: Guid(9bb4d7fbe560c91439bebb486de821e9) Importer(815301076,1909f56bfc062723c751e8b465ee728b)
Start importing Assets/POLYGON city pack/Materials/Material_meshs/Bin.mat using Guid(9bb4d7fbe560c91439bebb486de821e9) Importer(815301076,1909f56bfc062723c751e8b465ee728b) (PreviewImporter) -> (artifact id: '9ac1ec48742caa92cb31d5aa463a4d75') in 0.014701 seconds
Number of updated asset objects reloaded before import = 0Number of asset objects unloaded after import = 2

========================================================================
Received Import Request.
  Time since last request: 0.966633 seconds.
  path: Assets/POLYGON city pack/Materials/Material_meshs/Glass.mat
  artifactKey: Guid(28048d114c6803248a3c46e2207e3b69) Importer(815301076,1909f56bfc062723c751e8b465ee728b)
Start importing Assets/POLYGON city pack/Materials/Material_meshs/Glass.mat using Guid(28048d114c6803248a3c46e2207e3b69) Importer(815301076,1909f56bfc062723c751e8b465ee728b) (PreviewImporter) -> (artifact id: '25d4825703303dfeda24b088991d1804') in 0.1096224 seconds
Number of updated asset objects reloaded before import = 0Number of asset objects unloaded after import = 1

========================================================================
Received Import Request.
  Time since last request: 0.000124 seconds.
  path: Assets/POLYGON city pack/Materials/Material_meshs/Mail_box.mat
  artifactKey: Guid(544852be24715f24894730d110ba2a8f) Importer(815301076,1909f56bfc062723c751e8b465ee728b)
Start importing Assets/POLYGON city pack/Materials/Material_meshs/Mail_box.mat using Guid(544852be24715f24894730d110ba2a8f) Importer(815301076,1909f56bfc062723c751e8b465ee728b) (PreviewImporter) -> (artifact id: '33ff673c356bc2ddf489b2339d137aac') in 0.0174191 seconds
Number of updated asset objects reloaded before import = 0Number of asset objects unloaded after import = 2

========================================================================
Received Import Request.
  Time since last request: 0.000067 seconds.
  path: Assets/POLYGON city pack/Materials/Material_meshs/Grid.mat
  artifactKey: Guid(f2f02f2d34418854d80798cb0fa82bc7) Importer(815301076,1909f56bfc062723c751e8b465ee728b)
Start importing Assets/POLYGON city pack/Materials/Material_meshs/Grid.mat using Guid(f2f02f2d34418854d80798cb0fa82bc7) Importer(815301076,1909f56bfc062723c751e8b465ee728b) (PreviewImporter) -> (artifact id: 'e50cee34871f086f344c2f0df175bbfc') in 0.0141575 seconds
Number of updated asset objects reloaded before import = 0Number of asset objects unloaded after import = 2

========================================================================
Received Import Request.
  Time since last request: 0.000017 seconds.
  path: Assets/POLYGON city pack/Materials/Material_meshs/grass walkWay.mat
  artifactKey: Guid(89fe3a699dd66bb47a36a1874a4430f5) Importer(815301076,1909f56bfc062723c751e8b465ee728b)
Start importing Assets/POLYGON city pack/Materials/Material_meshs/grass walkWay.mat using Guid(89fe3a699dd66bb47a36a1874a4430f5) Importer(815301076,1909f56bfc062723c751e8b465ee728b) (PreviewImporter) -> (artifact id: '0c9fb8896ad2af31fee3a940ed69eac5') in 0.0149295 seconds
Number of updated asset objects reloaded before import = 0Number of asset objects unloaded after import = 2

========================================================================
Received Import Request.
  Time since last request: 0.532187 seconds.
  path: Assets/POLYGON city pack/Materials/Material_meshs/plant 1.mat
  artifactKey: Guid(47b23d2d38e75d647bb4c68fcc720550) Importer(815301076,1909f56bfc062723c751e8b465ee728b)
Start importing Assets/POLYGON city pack/Materials/Material_meshs/plant 1.mat using Guid(47b23d2d38e75d647bb4c68fcc720550) Importer(815301076,1909f56bfc062723c751e8b465ee728b) (PreviewImporter) -> (artifact id: 'deff3ffa84fee88abadf32e23da65042') in 0.0158223 seconds
Number of updated asset objects reloaded before import = 0Number of asset objects unloaded after import = 2

========================================================================
Received Import Request.
  Time since last request: 0.000016 seconds.
  path: Assets/POLYGON city pack/Materials/Material_meshs/Power_poles.mat
  artifactKey: Guid(1d6439e13e326664fbb0ed5e369cc105) Importer(815301076,1909f56bfc062723c751e8b465ee728b)
Start importing Assets/POLYGON city pack/Materials/Material_meshs/Power_poles.mat using Guid(1d6439e13e326664fbb0ed5e369cc105) Importer(815301076,1909f56bfc062723c751e8b465ee728b) (PreviewImporter) -> (artifact id: 'e853a3222a9008360c1f23f5990ed50c') in 0.0153384 seconds
Number of updated asset objects reloaded before import = 0Number of asset objects unloaded after import = 2

========================================================================
Received Import Request.
  Time since last request: 0.000053 seconds.
  path: Assets/POLYGON city pack/Materials/Material_meshs/police.mat
  artifactKey: Guid(a199066e22e12114f948d0d042dee7c5) Importer(815301076,1909f56bfc062723c751e8b465ee728b)
Start importing Assets/POLYGON city pack/Materials/Material_meshs/police.mat using Guid(a199066e22e12114f948d0d042dee7c5) Importer(815301076,1909f56bfc062723c751e8b465ee728b) (PreviewImporter) -> (artifact id: 'e99ba5b6d7b30811df2740b064c0140e') in 0.0161408 seconds
Number of updated asset objects reloaded before import = 0Number of asset objects unloaded after import = 2

========================================================================
Received Import Request.
  Time since last request: 0.000020 seconds.
  path: Assets/POLYGON city pack/Materials/Material_meshs/Sideway 2x2m.mat
  artifactKey: Guid(bbfc60a43ae74ad458ee80e12798a23a) Importer(815301076,1909f56bfc062723c751e8b465ee728b)
Start importing Assets/POLYGON city pack/Materials/Material_meshs/Sideway 2x2m.mat using Guid(bbfc60a43ae74ad458ee80e12798a23a) Importer(815301076,1909f56bfc062723c751e8b465ee728b) (PreviewImporter) -> (artifact id: 'bf0344c189fceb7d49969f42d8189181') in 0.018688 seconds
Number of updated asset objects reloaded before import = 0Number of asset objects unloaded after import = 2

========================================================================
Received Import Request.
  Time since last request: 0.000023 seconds.
  path: Assets/POLYGON city pack/Materials/Material_meshs/Sign_traffic 4.mat
  artifactKey: Guid(6211d6c20e4e0f7468c34706610697bc) Importer(815301076,1909f56bfc062723c751e8b465ee728b)
Start importing Assets/POLYGON city pack/Materials/Material_meshs/Sign_traffic 4.mat using Guid(6211d6c20e4e0f7468c34706610697bc) Importer(815301076,1909f56bfc062723c751e8b465ee728b) (PreviewImporter) -> (artifact id: 'f8024f8ee3548986706a703a4f4412d7') in 0.0199339 seconds
Number of updated asset objects reloaded before import = 0Number of asset objects unloaded after import = 2

========================================================================
Received Import Request.
  Time since last request: 0.000019 seconds.
  path: Assets/POLYGON city pack/Materials/Material_meshs/Sign_ traffic 6.mat
  artifactKey: Guid(f798d719a656af348874a567a5e54242) Importer(815301076,1909f56bfc062723c751e8b465ee728b)
Start importing Assets/POLYGON city pack/Materials/Material_meshs/Sign_ traffic 6.mat using Guid(f798d719a656af348874a567a5e54242) Importer(815301076,1909f56bfc062723c751e8b465ee728b) (PreviewImporter) -> (artifact id: '41d43b982e84dba9d94545dd7cb7faa7') in 0.0180348 seconds
Number of updated asset objects reloaded before import = 0Number of asset objects unloaded after import = 2

========================================================================
Received Import Request.
  Time since last request: 0.000034 seconds.
  path: Assets/POLYGON city pack/Materials/Material_meshs/Sign_traffic 5.mat
  artifactKey: Guid(0551d21c07894ae46b712c8e21db8695) Importer(815301076,1909f56bfc062723c751e8b465ee728b)
Start importing Assets/POLYGON city pack/Materials/Material_meshs/Sign_traffic 5.mat using Guid(0551d21c07894ae46b712c8e21db8695) Importer(815301076,1909f56bfc062723c751e8b465ee728b) (PreviewImporter) -> (artifact id: '4d2daf0375ea85ff76d52830a257dbdd') in 0.0154969 seconds
Number of updated asset objects reloaded before import = 0Number of asset objects unloaded after import = 2

========================================================================
Received Import Request.
  Time since last request: 0.000022 seconds.
  path: Assets/POLYGON city pack/Materials/Material_meshs/Sign_ traffic raod.mat
  artifactKey: Guid(1bf9a498b08aac042ac9add9b9a635cd) Importer(815301076,1909f56bfc062723c751e8b465ee728b)
Start importing Assets/POLYGON city pack/Materials/Material_meshs/Sign_ traffic raod.mat using Guid(1bf9a498b08aac042ac9add9b9a635cd) Importer(815301076,1909f56bfc062723c751e8b465ee728b) (PreviewImporter) -> (artifact id: 'edb366cbc546a3af447488f9e4647659') in 0.0156444 seconds
Number of updated asset objects reloaded before import = 0Number of asset objects unloaded after import = 2

========================================================================
Received Import Request.
  Time since last request: 0.000018 seconds.
  path: Assets/POLYGON city pack/Materials/Material_meshs/Sign_traffic 3.mat
  artifactKey: Guid(6de6fe3ba14a14848a5014692825ee59) Importer(815301076,1909f56bfc062723c751e8b465ee728b)
Start importing Assets/POLYGON city pack/Materials/Material_meshs/Sign_traffic 3.mat using Guid(6de6fe3ba14a14848a5014692825ee59) Importer(815301076,1909f56bfc062723c751e8b465ee728b) (PreviewImporter) -> (artifact id: '2f20366c5cf3950bfc24d434ae7f8bc7') in 0.0147137 seconds
Number of updated asset objects reloaded before import = 0Number of asset objects unloaded after import = 2

========================================================================
Received Import Request.
  Time since last request: 0.000017 seconds.
  path: Assets/POLYGON city pack/Materials/Material_meshs/Sign_speed_50.mat
  artifactKey: Guid(3469377aa9a97234b964fc824e7105d9) Importer(815301076,1909f56bfc062723c751e8b465ee728b)
Start importing Assets/POLYGON city pack/Materials/Material_meshs/Sign_speed_50.mat using Guid(3469377aa9a97234b964fc824e7105d9) Importer(815301076,1909f56bfc062723c751e8b465ee728b) (PreviewImporter) -> (artifact id: '7a5c24cf96b5c78d8e5dba67e69c3573') in 0.0154404 seconds
Number of updated asset objects reloaded before import = 0Number of asset objects unloaded after import = 2

========================================================================
Received Import Request.
  Time since last request: 0.000022 seconds.
  path: Assets/POLYGON city pack/Materials/Material_meshs/Shop_c.mat
  artifactKey: Guid(b7addb38a7c13a440a9c13d2d501f19d) Importer(815301076,1909f56bfc062723c751e8b465ee728b)
Start importing Assets/POLYGON city pack/Materials/Material_meshs/Shop_c.mat using Guid(b7addb38a7c13a440a9c13d2d501f19d) Importer(815301076,1909f56bfc062723c751e8b465ee728b) (PreviewImporter) -> (artifact id: '3362a3c209ee96dd5eb35b702e20f57b') in 0.0171794 seconds
Number of updated asset objects reloaded before import = 0Number of asset objects unloaded after import = 2

========================================================================
Received Import Request.
  Time since last request: 0.000017 seconds.
  path: Assets/POLYGON city pack/Materials/Material_meshs/shop b.mat
  artifactKey: Guid(d2ece15c27b1b3e42af178de8034e3be) Importer(815301076,1909f56bfc062723c751e8b465ee728b)
Start importing Assets/POLYGON city pack/Materials/Material_meshs/shop b.mat using Guid(d2ece15c27b1b3e42af178de8034e3be) Importer(815301076,1909f56bfc062723c751e8b465ee728b) (PreviewImporter) -> (artifact id: '93dd76207622ec73d84d3a31b31a164c') in 0.0147585 seconds
Number of updated asset objects reloaded before import = 0Number of asset objects unloaded after import = 2

========================================================================
Received Import Request.
  Time since last request: 0.000117 seconds.
  path: Assets/POLYGON city pack/Materials/Material_meshs/Sign_speed_ 70.mat
  artifactKey: Guid(d22294ef304578243b15ec1189c98625) Importer(815301076,1909f56bfc062723c751e8b465ee728b)
Start importing Assets/POLYGON city pack/Materials/Material_meshs/Sign_speed_ 70.mat using Guid(d22294ef304578243b15ec1189c98625) Importer(815301076,1909f56bfc062723c751e8b465ee728b) (PreviewImporter) -> (artifact id: 'c205ee06e320e284ecddecaf2548479d') in 0.015079 seconds
Number of updated asset objects reloaded before import = 0Number of asset objects unloaded after import = 2

========================================================================
Received Import Request.
  Time since last request: 0.025212 seconds.
  path: Assets/POLYGON city pack/Materials/Material_meshs/street 1.mat
  artifactKey: Guid(8c68b30c228ba1e478ff2433f4f83ba0) Importer(815301076,1909f56bfc062723c751e8b465ee728b)
Start importing Assets/POLYGON city pack/Materials/Material_meshs/street 1.mat using Guid(8c68b30c228ba1e478ff2433f4f83ba0) Importer(815301076,1909f56bfc062723c751e8b465ee728b) (PreviewImporter) -> (artifact id: 'd702940ca73216494af0db1a9ad5a4f1') in 0.0133176 seconds
Number of updated asset objects reloaded before import = 0Number of asset objects unloaded after import = 2

========================================================================
Received Import Request.
  Time since last request: 0.000085 seconds.
  path: Assets/POLYGON city pack/Materials/Material_meshs/street 2.mat
  artifactKey: Guid(af0582a2d4252d44e947c6cffcd45186) Importer(815301076,1909f56bfc062723c751e8b465ee728b)
Start importing Assets/POLYGON city pack/Materials/Material_meshs/street 2.mat using Guid(af0582a2d4252d44e947c6cffcd45186) Importer(815301076,1909f56bfc062723c751e8b465ee728b) (PreviewImporter) -> (artifact id: 'f34be5eaec7d23032c9517b2c4a3674b') in 0.0147751 seconds
Number of updated asset objects reloaded before import = 0Number of asset objects unloaded after import = 2

========================================================================
Received Import Request.
  Time since last request: 0.000023 seconds.
  path: Assets/POLYGON city pack/Materials/Material_meshs/street 4.mat
  artifactKey: Guid(e392b3db3896de742a7fe9186046092b) Importer(815301076,1909f56bfc062723c751e8b465ee728b)
Start importing Assets/POLYGON city pack/Materials/Material_meshs/street 4.mat using Guid(e392b3db3896de742a7fe9186046092b) Importer(815301076,1909f56bfc062723c751e8b465ee728b) (PreviewImporter) -> (artifact id: 'abad4507362abeb1720cc46ae2d9346b') in 0.0165154 seconds
Number of updated asset objects reloaded before import = 0Number of asset objects unloaded after import = 2

========================================================================
Received Import Request.
  Time since last request: 0.000018 seconds.
  path: Assets/POLYGON city pack/Materials/Material_meshs/street 5.mat
  artifactKey: Guid(55f55d8f998363c4d91b7b94cb5a37ca) Importer(815301076,1909f56bfc062723c751e8b465ee728b)
Start importing Assets/POLYGON city pack/Materials/Material_meshs/street 5.mat using Guid(55f55d8f998363c4d91b7b94cb5a37ca) Importer(815301076,1909f56bfc062723c751e8b465ee728b) (PreviewImporter) -> (artifact id: '5594301c59f10b3c4688449f1d2e87bc') in 0.017787 seconds
Number of updated asset objects reloaded before import = 0Number of asset objects unloaded after import = 2

========================================================================
Received Import Request.
  Time since last request: 0.000087 seconds.
  path: Assets/POLYGON city pack/Materials/Material_meshs/street 16.mat
  artifactKey: Guid(c88e6f689c0b0244483582064ba31383) Importer(815301076,1909f56bfc062723c751e8b465ee728b)
Start importing Assets/POLYGON city pack/Materials/Material_meshs/street 16.mat using Guid(c88e6f689c0b0244483582064ba31383) Importer(815301076,1909f56bfc062723c751e8b465ee728b) (PreviewImporter) -> (artifact id: '380d274057a989e24b3e21ffb9455fa1') in 0.0138969 seconds
Number of updated asset objects reloaded before import = 0Number of asset objects unloaded after import = 2

========================================================================
Received Import Request.
  Time since last request: 0.000023 seconds.
  path: Assets/POLYGON city pack/Materials/Material_meshs/supermarket.mat
  artifactKey: Guid(5a982ead24f664e4d869d95ef387a770) Importer(815301076,1909f56bfc062723c751e8b465ee728b)
Start importing Assets/POLYGON city pack/Materials/Material_meshs/supermarket.mat using Guid(5a982ead24f664e4d869d95ef387a770) Importer(815301076,1909f56bfc062723c751e8b465ee728b) (PreviewImporter) -> (artifact id: '3f4e6bba13f2ae45c92a866a0f5640d5') in 0.0190452 seconds
Number of updated asset objects reloaded before import = 0Number of asset objects unloaded after import = 2

========================================================================
Received Import Request.
  Time since last request: 0.000024 seconds.
  path: Assets/POLYGON city pack/Materials/Material_meshs/street 19.mat
  artifactKey: Guid(f8c0e9b4d11bff14da607053f5012175) Importer(815301076,1909f56bfc062723c751e8b465ee728b)
Start importing Assets/POLYGON city pack/Materials/Material_meshs/street 19.mat using Guid(f8c0e9b4d11bff14da607053f5012175) Importer(815301076,1909f56bfc062723c751e8b465ee728b) (PreviewImporter) -> (artifact id: '17be5ed99be2a4d78afb8426b47fc062') in 0.017512 seconds
Number of updated asset objects reloaded before import = 0Number of asset objects unloaded after import = 2

========================================================================
Received Import Request.
  Time since last request: 0.000017 seconds.
  path: Assets/POLYGON city pack/Materials/Material_meshs/street 21.mat
  artifactKey: Guid(b104df4148bcf294b9ec4a842c8e5b51) Importer(815301076,1909f56bfc062723c751e8b465ee728b)
Start importing Assets/POLYGON city pack/Materials/Material_meshs/street 21.mat using Guid(b104df4148bcf294b9ec4a842c8e5b51) Importer(815301076,1909f56bfc062723c751e8b465ee728b) (PreviewImporter) -> (artifact id: 'ce862dc68b6d838fe34da50bfb5e9aa6') in 0.0136975 seconds
Number of updated asset objects reloaded before import = 0Number of asset objects unloaded after import = 2

========================================================================
Received Import Request.
  Time since last request: 0.000051 seconds.
  path: Assets/POLYGON city pack/Materials/Material_meshs/StreetSellerStand AD.mat
  artifactKey: Guid(a772bcb58f8935449a3219ec0e4bffa8) Importer(815301076,1909f56bfc062723c751e8b465ee728b)
Start importing Assets/POLYGON city pack/Materials/Material_meshs/StreetSellerStand AD.mat using Guid(a772bcb58f8935449a3219ec0e4bffa8) Importer(815301076,1909f56bfc062723c751e8b465ee728b) (PreviewImporter) -> (artifact id: 'f6ccd2a9e762ff889c2523080c7412d9') in 0.0150079 seconds
Number of updated asset objects reloaded before import = 0Number of asset objects unloaded after import = 2

========================================================================
Received Import Request.
  Time since last request: 0.000023 seconds.
  path: Assets/POLYGON city pack/Materials/Material_meshs/street 12.mat
  artifactKey: Guid(2bc525635b15d14438a320ee5aaafaf0) Importer(815301076,1909f56bfc062723c751e8b465ee728b)
Start importing Assets/POLYGON city pack/Materials/Material_meshs/street 12.mat using Guid(2bc525635b15d14438a320ee5aaafaf0) Importer(815301076,1909f56bfc062723c751e8b465ee728b) (PreviewImporter) -> (artifact id: 'f5cc51fc6b7fafb4848ae5f2d68de24d') in 0.0169732 seconds
Number of updated asset objects reloaded before import = 0Number of asset objects unloaded after import = 2

========================================================================
Received Import Request.
  Time since last request: 0.000022 seconds.
  path: Assets/POLYGON city pack/Materials/Material_meshs/street 20.mat
  artifactKey: Guid(366292c81715a0f47be66ba182a84b25) Importer(815301076,1909f56bfc062723c751e8b465ee728b)
Start importing Assets/POLYGON city pack/Materials/Material_meshs/street 20.mat using Guid(366292c81715a0f47be66ba182a84b25) Importer(815301076,1909f56bfc062723c751e8b465ee728b) (PreviewImporter) -> (artifact id: '511c4a83085374979907e07fa2bdea4d') in 0.0165829 seconds
Number of updated asset objects reloaded before import = 0Number of asset objects unloaded after import = 2

========================================================================
Received Import Request.
  Time since last request: 0.000017 seconds.
  path: Assets/POLYGON city pack/Materials/Material_meshs/street 10.mat
  artifactKey: Guid(ccbd9a98334624441a21da866f5b4ca5) Importer(815301076,1909f56bfc062723c751e8b465ee728b)
Start importing Assets/POLYGON city pack/Materials/Material_meshs/street 10.mat using Guid(ccbd9a98334624441a21da866f5b4ca5) Importer(815301076,1909f56bfc062723c751e8b465ee728b) (PreviewImporter) -> (artifact id: 'd6b43c5444bd29902547bbe715c6ebc1') in 0.0155511 seconds
Number of updated asset objects reloaded before import = 0Number of asset objects unloaded after import = 2

========================================================================
Received Import Request.
  Time since last request: 0.000021 seconds.
  path: Assets/POLYGON city pack/Materials/Material_meshs/street 13.mat
  artifactKey: Guid(34ec53f412bdc5545a2722b7b5a1f277) Importer(815301076,1909f56bfc062723c751e8b465ee728b)
Start importing Assets/POLYGON city pack/Materials/Material_meshs/street 13.mat using Guid(34ec53f412bdc5545a2722b7b5a1f277) Importer(815301076,1909f56bfc062723c751e8b465ee728b) (PreviewImporter) -> (artifact id: '3184febb6be6c5912931b0479020954f') in 0.0148903 seconds
Number of updated asset objects reloaded before import = 0Number of asset objects unloaded after import = 2

========================================================================
Received Import Request.
  Time since last request: 0.623980 seconds.
  path: Assets/POLYGON city pack/Materials/Material_meshs/traffic_obj.mat
  artifactKey: Guid(f4acfc13e074a6e43bc89c69d707c810) Importer(815301076,1909f56bfc062723c751e8b465ee728b)
Start importing Assets/POLYGON city pack/Materials/Material_meshs/traffic_obj.mat using Guid(f4acfc13e074a6e43bc89c69d707c810) Importer(815301076,1909f56bfc062723c751e8b465ee728b) (PreviewImporter) -> (artifact id: 'ec0dc3e399bbc937ee2fd56578415aa8') in 0.0149482 seconds
Number of updated asset objects reloaded before import = 0Number of asset objects unloaded after import = 2

========================================================================
Received Import Request.
  Time since last request: 0.000025 seconds.
  path: Assets/POLYGON city pack/Materials/Material_meshs/tree leaf.mat
  artifactKey: Guid(45aa121491da72e4b8c0fcdb4533272d) Importer(815301076,1909f56bfc062723c751e8b465ee728b)
Start importing Assets/POLYGON city pack/Materials/Material_meshs/tree leaf.mat using Guid(45aa121491da72e4b8c0fcdb4533272d) Importer(815301076,1909f56bfc062723c751e8b465ee728b) (PreviewImporter) -> (artifact id: 'cbecb6199e55e7d62cc4442aa84dcf30') in 0.0167128 seconds
Number of updated asset objects reloaded before import = 0Number of asset objects unloaded after import = 2

========================================================================
Received Import Request.
  Time since last request: 0.000021 seconds.
  path: Assets/POLYGON city pack/Materials/Material_meshs/trashbag.mat
  artifactKey: Guid(920171991f9b62c41b9f2b275bd5e169) Importer(815301076,1909f56bfc062723c751e8b465ee728b)
Start importing Assets/POLYGON city pack/Materials/Material_meshs/trashbag.mat using Guid(920171991f9b62c41b9f2b275bd5e169) Importer(815301076,1909f56bfc062723c751e8b465ee728b) (PreviewImporter) -> (artifact id: '69bc76b293a068adcfeab88b22cc8eb4') in 0.0171469 seconds
Number of updated asset objects reloaded before import = 0Number of asset objects unloaded after import = 2

========================================================================
Received Import Request.
  Time since last request: 0.000023 seconds.
  path: Assets/POLYGON city pack/Materials/Material_meshs/Traffic_pot.mat
  artifactKey: Guid(852f302bfbd276b4da26b146e0b54fea) Importer(815301076,1909f56bfc062723c751e8b465ee728b)
Start importing Assets/POLYGON city pack/Materials/Material_meshs/Traffic_pot.mat using Guid(852f302bfbd276b4da26b146e0b54fea) Importer(815301076,1909f56bfc062723c751e8b465ee728b) (PreviewImporter) -> (artifact id: '72d4aebb117a2fbdde0855a1c2ac9913') in 0.0149182 seconds
Number of updated asset objects reloaded before import = 0Number of asset objects unloaded after import = 2

========================================================================
Received Import Request.
  Time since last request: 0.000018 seconds.
  path: Assets/POLYGON city pack/Materials/Material_meshs/trashcan.mat
  artifactKey: Guid(a33d51cf45695ce4e862ea7fd9727a58) Importer(815301076,1909f56bfc062723c751e8b465ee728b)
Start importing Assets/POLYGON city pack/Materials/Material_meshs/trashcan.mat using Guid(a33d51cf45695ce4e862ea7fd9727a58) Importer(815301076,1909f56bfc062723c751e8b465ee728b) (PreviewImporter) -> (artifact id: 'c20beb78970e8a54618e221971a64b02') in 0.016106 seconds
Number of updated asset objects reloaded before import = 0Number of asset objects unloaded after import = 2

========================================================================
Received Import Request.
  Time since last request: 4.833838 seconds.
  path: Assets/POLYGON city pack/Materials/traffic light/Red.mat
  artifactKey: Guid(0414ceb8a1b2e2545b10709a55723d88) Importer(815301076,1909f56bfc062723c751e8b465ee728b)
Start importing Assets/POLYGON city pack/Materials/traffic light/Red.mat using Guid(0414ceb8a1b2e2545b10709a55723d88) Importer(815301076,1909f56bfc062723c751e8b465ee728b) (PreviewImporter) -> (artifact id: '28f823d331067a22928cc73296e85857') in 0.0201828 seconds
Number of updated asset objects reloaded before import = 0Number of asset objects unloaded after import = 1

========================================================================
Received Import Request.
  Time since last request: 0.000024 seconds.
  path: Assets/POLYGON city pack/Materials/traffic light/Yellow.mat
  artifactKey: Guid(7be5e417b52fd834280f56f025a91e5e) Importer(815301076,1909f56bfc062723c751e8b465ee728b)
Start importing Assets/POLYGON city pack/Materials/traffic light/Yellow.mat using Guid(7be5e417b52fd834280f56f025a91e5e) Importer(815301076,1909f56bfc062723c751e8b465ee728b) (PreviewImporter) -> (artifact id: '61d5ad48615d38d2da361b077de33f27') in 0.0179725 seconds
Number of updated asset objects reloaded before import = 0Number of asset objects unloaded after import = 1

========================================================================
Received Import Request.
  Time since last request: 1.024660 seconds.
  path: Assets/POLYGON city pack/Materials/Colors_buildings/A2.mat
  artifactKey: Guid(5188c7492ef51d143a7128aa9700788a) Importer(815301076,1909f56bfc062723c751e8b465ee728b)
Start importing Assets/POLYGON city pack/Materials/Colors_buildings/A2.mat using Guid(5188c7492ef51d143a7128aa9700788a) Importer(815301076,1909f56bfc062723c751e8b465ee728b) (PreviewImporter) -> (artifact id: 'fdee01ac9bdcdf546a1726675c115519') in 0.0272509 seconds
Number of updated asset objects reloaded before import = 0Number of asset objects unloaded after import = 1

========================================================================
Received Import Request.
  Time since last request: 0.000136 seconds.
  path: Assets/POLYGON city pack/Materials/Colors_buildings/I3.mat
  artifactKey: Guid(ce22e4b8667c6c4498256004a51def48) Importer(815301076,1909f56bfc062723c751e8b465ee728b)
Start importing Assets/POLYGON city pack/Materials/Colors_buildings/I3.mat using Guid(ce22e4b8667c6c4498256004a51def48) Importer(815301076,1909f56bfc062723c751e8b465ee728b) (PreviewImporter) -> (artifact id: '197f027fa24c93c2e6017076eda0811a') in 0.0166284 seconds
Number of updated asset objects reloaded before import = 0Number of asset objects unloaded after import = 1

========================================================================
Received Import Request.
  Time since last request: 0.000025 seconds.
  path: Assets/POLYGON city pack/Materials/Colors_buildings/H2.mat
  artifactKey: Guid(6f227c8592ad80a41be32efd278da65a) Importer(815301076,1909f56bfc062723c751e8b465ee728b)
Start importing Assets/POLYGON city pack/Materials/Colors_buildings/H2.mat using Guid(6f227c8592ad80a41be32efd278da65a) Importer(815301076,1909f56bfc062723c751e8b465ee728b) (PreviewImporter) -> (artifact id: '9462dac8003917e3dac04d247d131409') in 0.0167608 seconds
Number of updated asset objects reloaded before import = 0Number of asset objects unloaded after import = 1

========================================================================
Received Import Request.
  Time since last request: 0.000110 seconds.
  path: Assets/POLYGON city pack/Materials/Colors_buildings/D1.mat
  artifactKey: Guid(be3dd0dbeba4e0e44b4a036604ec5247) Importer(815301076,1909f56bfc062723c751e8b465ee728b)
Start importing Assets/POLYGON city pack/Materials/Colors_buildings/D1.mat using Guid(be3dd0dbeba4e0e44b4a036604ec5247) Importer(815301076,1909f56bfc062723c751e8b465ee728b) (PreviewImporter) -> (artifact id: 'ab3ec37d656b25f4a366dc6e5f330581') in 0.0201729 seconds
Number of updated asset objects reloaded before import = 0Number of asset objects unloaded after import = 1

========================================================================
Received Import Request.
  Time since last request: 0.000156 seconds.
  path: Assets/POLYGON city pack/Materials/Colors_buildings/I2.mat
  artifactKey: Guid(cea0c4191eb5cb440aa5355d44958681) Importer(815301076,1909f56bfc062723c751e8b465ee728b)
Start importing Assets/POLYGON city pack/Materials/Colors_buildings/I2.mat using Guid(cea0c4191eb5cb440aa5355d44958681) Importer(815301076,1909f56bfc062723c751e8b465ee728b) (PreviewImporter) -> (artifact id: '2259c751779c38697fb4ec996097543e') in 0.0155776 seconds
Number of updated asset objects reloaded before import = 0Number of asset objects unloaded after import = 1

========================================================================
Received Import Request.
  Time since last request: 0.000190 seconds.
  path: Assets/POLYGON city pack/Materials/Colors_buildings/K4.mat
  artifactKey: Guid(711bad159df31524ca17958a0c56fbf5) Importer(815301076,1909f56bfc062723c751e8b465ee728b)
Start importing Assets/POLYGON city pack/Materials/Colors_buildings/K4.mat using Guid(711bad159df31524ca17958a0c56fbf5) Importer(815301076,1909f56bfc062723c751e8b465ee728b) (PreviewImporter) -> (artifact id: '0fa29ce7c6e1240f2a54d233d13bb69e') in 0.0164605 seconds
Number of updated asset objects reloaded before import = 0Number of asset objects unloaded after import = 1

========================================================================
Received Import Request.
  Time since last request: 0.000058 seconds.
  path: Assets/POLYGON city pack/Materials/Colors_buildings/C3.mat
  artifactKey: Guid(91155d9f14bc7c24885accb7c3b9025f) Importer(815301076,1909f56bfc062723c751e8b465ee728b)
Start importing Assets/POLYGON city pack/Materials/Colors_buildings/C3.mat using Guid(91155d9f14bc7c24885accb7c3b9025f) Importer(815301076,1909f56bfc062723c751e8b465ee728b) (PreviewImporter) -> (artifact id: '5a86bf20819dcca8c07c1bcddf4873a0') in 0.0182313 seconds
Number of updated asset objects reloaded before import = 0Number of asset objects unloaded after import = 1

========================================================================
Received Import Request.
  Time since last request: 0.000181 seconds.
  path: Assets/POLYGON city pack/Materials/Colors_buildings/E1.mat
  artifactKey: Guid(76d6265878226dc409ce872e24203b86) Importer(815301076,1909f56bfc062723c751e8b465ee728b)
Start importing Assets/POLYGON city pack/Materials/Colors_buildings/E1.mat using Guid(76d6265878226dc409ce872e24203b86) Importer(815301076,1909f56bfc062723c751e8b465ee728b) (PreviewImporter) -> (artifact id: '9db3ccbe320f2adc63d8eec9d88e8127') in 0.0149928 seconds
Number of updated asset objects reloaded before import = 0Number of asset objects unloaded after import = 1

========================================================================
Received Import Request.
  Time since last request: 0.000092 seconds.
  path: Assets/POLYGON city pack/Materials/Colors_buildings/K8.mat
  artifactKey: Guid(4a68a0cfc4d91c447b2fe408cb8e7dca) Importer(815301076,1909f56bfc062723c751e8b465ee728b)
Start importing Assets/POLYGON city pack/Materials/Colors_buildings/K8.mat using Guid(4a68a0cfc4d91c447b2fe408cb8e7dca) Importer(815301076,1909f56bfc062723c751e8b465ee728b) (PreviewImporter) -> (artifact id: '2cca563cd773c00447178921d76fb97e') in 0.0150949 seconds
Number of updated asset objects reloaded before import = 0Number of asset objects unloaded after import = 1

========================================================================
Received Import Request.
  Time since last request: 0.000039 seconds.
  path: Assets/POLYGON city pack/Materials/Colors_buildings/G1.mat
  artifactKey: Guid(73daffab7784ec040ba2d4d7302527f8) Importer(815301076,1909f56bfc062723c751e8b465ee728b)
Start importing Assets/POLYGON city pack/Materials/Colors_buildings/G1.mat using Guid(73daffab7784ec040ba2d4d7302527f8) Importer(815301076,1909f56bfc062723c751e8b465ee728b) (PreviewImporter) -> (artifact id: 'ace83d8465437ace44ddf82c3e9f9474') in 0.0141308 seconds
Number of updated asset objects reloaded before import = 0Number of asset objects unloaded after import = 1

========================================================================
Received Import Request.
  Time since last request: 0.000073 seconds.
  path: Assets/POLYGON city pack/Materials/Colors_buildings/K6.mat
  artifactKey: Guid(ee406a0d2cd53e046b9c7bcfdcc189a7) Importer(815301076,1909f56bfc062723c751e8b465ee728b)
Start importing Assets/POLYGON city pack/Materials/Colors_buildings/K6.mat using Guid(ee406a0d2cd53e046b9c7bcfdcc189a7) Importer(815301076,1909f56bfc062723c751e8b465ee728b) (PreviewImporter) -> (artifact id: '04da78274e2452c3029b4123813026a5') in 0.0136213 seconds
Number of updated asset objects reloaded before import = 0Number of asset objects unloaded after import = 1

========================================================================
Received Import Request.
  Time since last request: 0.000135 seconds.
  path: Assets/POLYGON city pack/Materials/Colors_buildings/H3.mat
  artifactKey: Guid(9db90062b4af0004b94c5754b65e4379) Importer(815301076,1909f56bfc062723c751e8b465ee728b)
Start importing Assets/POLYGON city pack/Materials/Colors_buildings/H3.mat using Guid(9db90062b4af0004b94c5754b65e4379) Importer(815301076,1909f56bfc062723c751e8b465ee728b) (PreviewImporter) -> (artifact id: '5cc19e7c67e8d1ba0ac52656551fd9c8') in 0.0151907 seconds
Number of updated asset objects reloaded before import = 0Number of asset objects unloaded after import = 1

========================================================================
Received Import Request.
  Time since last request: 0.000025 seconds.
  path: Assets/POLYGON city pack/Materials/Colors_buildings/G2.mat
  artifactKey: Guid(8a92d92c33dbd87489558551e9ce75ce) Importer(815301076,1909f56bfc062723c751e8b465ee728b)
Start importing Assets/POLYGON city pack/Materials/Colors_buildings/G2.mat using Guid(8a92d92c33dbd87489558551e9ce75ce) Importer(815301076,1909f56bfc062723c751e8b465ee728b) (PreviewImporter) -> (artifact id: '16713bfde2fd769dca1e0edddaf02230') in 0.0122599 seconds
Number of updated asset objects reloaded before import = 0Number of asset objects unloaded after import = 1

========================================================================
Received Import Request.
  Time since last request: 0.586598 seconds.
  path: Assets/POLYGON city pack/Materials/color_windows/Windows no light.mat
  artifactKey: Guid(26df91506bf83b343b8083c5322323ae) Importer(815301076,1909f56bfc062723c751e8b465ee728b)
Start importing Assets/POLYGON city pack/Materials/color_windows/Windows no light.mat using Guid(26df91506bf83b343b8083c5322323ae) Importer(815301076,1909f56bfc062723c751e8b465ee728b) (PreviewImporter) -> (artifact id: 'a3b07de047939e12563d4bc8a2b87f9b') in 0.0158083 seconds
Number of updated asset objects reloaded before import = 0Number of asset objects unloaded after import = 1

========================================================================
Received Import Request.
  Time since last request: 25.288687 seconds.
  path: Assets/POLYGON city pack/Prefabs/Lamps/Lamp_3_prefab.prefab
  artifactKey: Guid(7c09194ef6a23a947948e105b6da62b2) Importer(815301076,1909f56bfc062723c751e8b465ee728b)
Start importing Assets/POLYGON city pack/Prefabs/Lamps/Lamp_3_prefab.prefab using Guid(7c09194ef6a23a947948e105b6da62b2) Importer(815301076,1909f56bfc062723c751e8b465ee728b) (PreviewImporter) -> (artifact id: '3802e26b3f364ad9bdbd67a446f10353') in 0.0328993 seconds
Number of updated asset objects reloaded before import = 0Number of asset objects unloaded after import = 15

========================================================================
Received Import Request.
  Time since last request: 0.000015 seconds.
  path: Assets/POLYGON city pack/Prefabs/Lamps/Lamp_4_prefab.prefab
  artifactKey: Guid(efbec96b2d3e0b5429a2e20c21fdfeda) Importer(815301076,1909f56bfc062723c751e8b465ee728b)
Start importing Assets/POLYGON city pack/Prefabs/Lamps/Lamp_4_prefab.prefab using Guid(efbec96b2d3e0b5429a2e20c21fdfeda) Importer(815301076,1909f56bfc062723c751e8b465ee728b) (PreviewImporter) -> (artifact id: 'd0248bf30328a0d17a9544fcfa946539') in 0.0194759 seconds
Number of updated asset objects reloaded before import = 0Number of asset objects unloaded after import = 16

========================================================================
Received Import Request.
  Time since last request: 0.000022 seconds.
  path: Assets/POLYGON city pack/Prefabs/Lamps/Lamp_5_prefab.prefab
  artifactKey: Guid(c843625d7d71737438cdcd19ad728753) Importer(815301076,1909f56bfc062723c751e8b465ee728b)
Start importing Assets/POLYGON city pack/Prefabs/Lamps/Lamp_5_prefab.prefab using Guid(c843625d7d71737438cdcd19ad728753) Importer(815301076,1909f56bfc062723c751e8b465ee728b) (PreviewImporter) -> (artifact id: '46b90893a633bf63a1eaeefceddcd6c6') in 0.0184811 seconds
Number of updated asset objects reloaded before import = 0Number of asset objects unloaded after import = 18

